2024-02-13T15:25:52.6NZ mysqld_safe Logging to '/Applications/MAMP/logs/mysql_error.log'.
2024-02-13T15:25:52.6NZ mysqld_safe Starting mysqld daemon with databases from /Applications/MAMP/db/mysql57
2024-02-13T15:25:53.122989Z 0 [Warning] TIMESTAMP with implicit DEFAULT value is deprecated. Please use --explicit_defaults_for_timestamp server option (see documentation for more details).
2024-02-13T15:25:53.123144Z 0 [Note] --secure-file-priv is set to NULL. Operations related to importing and exporting data are disabled
2024-02-13T15:25:53.123158Z 0 [Note] /Applications/MAMP/Library/bin/mysqld (mysqld 5.7.39) starting as process 52834 ...
2024-02-13T15:25:53.124146Z 0 [Warning] Setting lower_case_table_names=2 because file system for /Applications/MAMP/db/mysql57/ is case insensitive
2024-02-13T15:25:53.124675Z 0 [Note] InnoDB: Mutexes and rw_locks use GCC atomic builtins
2024-02-13T15:25:53.124683Z 0 [Note] InnoDB: Uses event mutexes
2024-02-13T15:25:53.124688Z 0 [Note] InnoDB: GCC builtin __atomic_thread_fence() is used for memory barrier
2024-02-13T15:25:53.124691Z 0 [Note] InnoDB: Compressed tables use zlib 1.2.11
2024-02-13T15:25:53.125098Z 0 [Note] InnoDB: Number of pools: 1
2024-02-13T15:25:53.125134Z 0 [Note] InnoDB: Not using CPU crc32 instructions
2024-02-13T15:25:53.125677Z 0 [Note] InnoDB: Initializing buffer pool, total size = 128M, instances = 1, chunk size = 128M
2024-02-13T15:25:53.128835Z 0 [Note] InnoDB: Completed initialization of buffer pool
2024-02-13T15:25:53.142842Z 0 [Note] InnoDB: Highest supported file format is Barracuda.
2024-02-13T15:25:53.148493Z 0 [Note] InnoDB: Creating shared tablespace for temporary tables
2024-02-13T15:25:53.148577Z 0 [Note] InnoDB: Setting file './ibtmp1' size to 12 MB. Physically writing the file full; Please wait ...
2024-02-13T15:25:53.153859Z 0 [Note] InnoDB: File './ibtmp1' size is now 12 MB.
2024-02-13T15:25:53.154217Z 0 [Note] InnoDB: 96 redo rollback segment(s) found. 96 redo rollback segment(s) are active.
2024-02-13T15:25:53.154224Z 0 [Note] InnoDB: 32 non-redo rollback segment(s) are active.
2024-02-13T15:25:53.154314Z 0 [Note] InnoDB: Waiting for purge to start
2024-02-13T15:25:53.207601Z 0 [Note] InnoDB: 5.7.39 started; log sequence number 2780607
2024-02-13T15:25:53.207763Z 0 [Note] InnoDB: Loading buffer pool(s) from /Applications/MAMP/db/mysql57/ib_buffer_pool
2024-02-13T15:25:53.207847Z 0 [Note] Plugin 'FEDERATED' is disabled.
2024-02-13T15:25:53.209876Z 0 [Warning] InnoDB: Table mysql/innodb_table_stats has length mismatch in the column name table_name.  Please run mysql_upgrade
2024-02-13T15:25:53.209910Z 0 [Warning] InnoDB: Table mysql/innodb_index_stats has length mismatch in the column name table_name.  Please run mysql_upgrade
2024-02-13T15:25:53.212586Z 0 [Note] Found ca.pem, server-cert.pem and server-key.pem in data directory. Trying to enable SSL support using them.
2024-02-13T15:25:53.212600Z 0 [Note] Skipping generation of SSL certificates as certificate files are present in data directory.
2024-02-13T15:25:53.212608Z 0 [Warning] A deprecated TLS version TLSv1 is enabled. Please use TLSv1.2 or higher.
2024-02-13T15:25:53.212614Z 0 [Warning] A deprecated TLS version TLSv1.1 is enabled. Please use TLSv1.2 or higher.
2024-02-13T15:25:53.212819Z 0 [Note] InnoDB: Buffer pool(s) load completed at 240214  0:25:53
2024-02-13T15:25:53.213231Z 0 [Warning] CA certificate ca.pem is self signed.
2024-02-13T15:25:53.213267Z 0 [Note] Skipping generation of RSA key pair as key files are present in data directory.
2024-02-13T15:25:53.213376Z 0 [Note] Server hostname (bind-address): '*'; port: 8889
2024-02-13T15:25:53.213669Z 0 [Note] IPv6 is available.
2024-02-13T15:25:53.213678Z 0 [Note]   - '::' resolves to '::';
2024-02-13T15:25:53.213701Z 0 [Note] Server socket created on IP: '::'.
2024-02-13T15:25:53.213915Z 0 [Warning] Insecure configuration for --pid-file: Location '/Applications/MAMP/tmp' in the path is accessible to all OS users. Consider choosing a different directory.
2024-02-13T15:25:53.221210Z 0 [Warning] Optional native table 'performance_schema'.'processlist' has the wrong structure or is missing.
2024-02-13T15:25:53.221503Z 0 [Note] Event Scheduler: Loaded 0 events
2024-02-13T15:25:53.221572Z 0 [Note] /Applications/MAMP/Library/bin/mysqld: ready for connections.
Version: '5.7.39'  socket: '/Applications/MAMP/tmp/mysql/mysql.sock'  port: 8889  MySQL Community Server (GPL)
2024-02-13T15:26:56.894663Z 39 [Warning] InnoDB: Table mysql/innodb_table_stats has length mismatch in the column name table_name.  Please run mysql_upgrade
2024-02-13T15:26:56.894809Z 39 [Warning] InnoDB: Table mysql/innodb_index_stats has length mismatch in the column name table_name.  Please run mysql_upgrade
2024-02-13T15:27:01.420532Z 46 [Warning] InnoDB: Table mysql/innodb_table_stats has length mismatch in the column name table_name.  Please run mysql_upgrade
2024-02-13T15:27:01.420546Z 46 [Warning] InnoDB: Table mysql/innodb_index_stats has length mismatch in the column name table_name.  Please run mysql_upgrade
2024-02-13T15:27:04.972284Z 51 [Warning] InnoDB: Table mysql/innodb_table_stats has length mismatch in the column name table_name.  Please run mysql_upgrade
2024-02-13T15:27:04.973035Z 51 [Warning] InnoDB: Table mysql/innodb_index_stats has length mismatch in the column name table_name.  Please run mysql_upgrade
2024-02-13T15:27:06.278752Z 55 [Warning] InnoDB: Table mysql/innodb_table_stats has length mismatch in the column name table_name.  Please run mysql_upgrade
2024-02-13T15:27:06.278771Z 55 [Warning] InnoDB: Table mysql/innodb_index_stats has length mismatch in the column name table_name.  Please run mysql_upgrade
2024-02-13T15:27:07.700536Z 59 [Warning] InnoDB: Table mysql/innodb_table_stats has length mismatch in the column name table_name.  Please run mysql_upgrade
2024-02-13T15:27:07.700553Z 59 [Warning] InnoDB: Table mysql/innodb_index_stats has length mismatch in the column name table_name.  Please run mysql_upgrade
2024-02-13T15:27:17.705514Z 73 [Warning] InnoDB: Table mysql/innodb_table_stats has length mismatch in the column name table_name.  Please run mysql_upgrade
2024-02-13T15:27:17.705682Z 73 [Warning] InnoDB: Table mysql/innodb_index_stats has length mismatch in the column name table_name.  Please run mysql_upgrade
2024-02-13T15:27:19.997301Z 78 [Warning] InnoDB: Table mysql/innodb_table_stats has length mismatch in the column name table_name.  Please run mysql_upgrade
2024-02-13T15:27:19.997316Z 78 [Warning] InnoDB: Table mysql/innodb_index_stats has length mismatch in the column name table_name.  Please run mysql_upgrade
2024-02-13T15:27:21.717655Z 82 [Warning] InnoDB: Table mysql/innodb_table_stats has length mismatch in the column name table_name.  Please run mysql_upgrade
2024-02-13T15:27:21.717671Z 82 [Warning] InnoDB: Table mysql/innodb_index_stats has length mismatch in the column name table_name.  Please run mysql_upgrade
2024-02-13T15:27:24.639476Z 86 [Warning] InnoDB: Table mysql/innodb_table_stats has length mismatch in the column name table_name.  Please run mysql_upgrade
2024-02-13T15:27:24.639635Z 86 [Warning] InnoDB: Table mysql/innodb_index_stats has length mismatch in the column name table_name.  Please run mysql_upgrade
2024-02-13T15:27:25.352814Z 91 [Warning] InnoDB: Table mysql/innodb_table_stats has length mismatch in the column name table_name.  Please run mysql_upgrade
2024-02-13T15:27:25.352829Z 91 [Warning] InnoDB: Table mysql/innodb_index_stats has length mismatch in the column name table_name.  Please run mysql_upgrade
2024-02-15T23:03:47.326308Z 0 [Note] InnoDB: page_cleaner: 1000ms intended loop took 6755ms. The settings might not be optimal. (flushed=0 and evicted=0, during the time.)
2024-02-15T23:19:46.826590Z 0 [Note] InnoDB: page_cleaner: 1000ms intended loop took 952458ms. The settings might not be optimal. (flushed=0 and evicted=0, during the time.)
2024-02-15T23:32:55.915567Z 0 [Note] InnoDB: page_cleaner: 1000ms intended loop took 785056ms. The settings might not be optimal. (flushed=0 and evicted=0, during the time.)
2024-02-15T23:48:28.716114Z 0 [Note] InnoDB: page_cleaner: 1000ms intended loop took 922724ms. The settings might not be optimal. (flushed=0 and evicted=0, during the time.)
2024-02-16T00:05:29.450229Z 0 [Note] InnoDB: page_cleaner: 1000ms intended loop took 1016710ms. The settings might not be optimal. (flushed=0 and evicted=0, during the time.)
2024-02-16T00:22:23.218642Z 0 [Note] InnoDB: page_cleaner: 1000ms intended loop took 1008724ms. The settings might not be optimal. (flushed=0 and evicted=0, during the time.)
2024-02-16T00:27:17.959960Z 0 [Note] InnoDB: page_cleaner: 1000ms intended loop took 290729ms. The settings might not be optimal. (flushed=0 and evicted=0, during the time.)
2024-02-16T00:43:54.316127Z 0 [Note] InnoDB: page_cleaner: 1000ms intended loop took 992336ms. The settings might not be optimal. (flushed=0 and evicted=0, during the time.)
2024-02-16T01:00:03.852860Z 0 [Note] InnoDB: page_cleaner: 1000ms intended loop took 964497ms. The settings might not be optimal. (flushed=0 and evicted=0, during the time.)
2024-02-16T01:15:28.584486Z 0 [Note] InnoDB: page_cleaner: 1000ms intended loop took 920715ms. The settings might not be optimal. (flushed=0 and evicted=0, during the time.)
2024-02-16T01:30:55.340171Z 0 [Note] InnoDB: page_cleaner: 1000ms intended loop took 922722ms. The settings might not be optimal. (flushed=0 and evicted=0, during the time.)
2024-02-16T01:46:32.164466Z 0 [Note] InnoDB: page_cleaner: 1000ms intended loop took 932798ms. The settings might not be optimal. (flushed=0 and evicted=0, during the time.)
2024-02-16T02:04:24.892107Z 0 [Note] InnoDB: page_cleaner: 1000ms intended loop took 1067692ms. The settings might not be optimal. (flushed=0 and evicted=0, during the time.)
2024-02-16T02:19:43.631451Z 0 [Note] InnoDB: page_cleaner: 1000ms intended loop took 914727ms. The settings might not be optimal. (flushed=0 and evicted=0, during the time.)
2024-02-16T02:28:17.381846Z 0 [Note] InnoDB: page_cleaner: 1000ms intended loop took 509721ms. The settings might not be optimal. (flushed=0 and evicted=0, during the time.)
2024-02-16T02:45:38.651351Z 0 [Note] InnoDB: page_cleaner: 1000ms intended loop took 1036243ms. The settings might not be optimal. (flushed=0 and evicted=0, during the time.)
2024-02-16T03:03:08.380811Z 0 [Note] InnoDB: page_cleaner: 1000ms intended loop took 1045698ms. The settings might not be optimal. (flushed=0 and evicted=0, during the time.)
2024-02-16T03:18:12.115961Z 0 [Note] InnoDB: page_cleaner: 1000ms intended loop took 899706ms. The settings might not be optimal. (flushed=0 and evicted=0, during the time.)
2024-02-16T03:29:16.911727Z 0 [Note] InnoDB: page_cleaner: 1000ms intended loop took 660771ms. The settings might not be optimal. (flushed=0 and evicted=0, during the time.)
2024-02-16T03:44:31.207422Z 0 [Note] InnoDB: page_cleaner: 1000ms intended loop took 909266ms. The settings might not be optimal. (flushed=0 and evicted=0, during the time.)
2024-02-16T04:00:10.959166Z 0 [Note] InnoDB: page_cleaner: 1000ms intended loop took 935729ms. The settings might not be optimal. (flushed=0 and evicted=0, during the time.)
2024-02-16T04:17:26.791260Z 0 [Note] InnoDB: page_cleaner: 1000ms intended loop took 1031809ms. The settings might not be optimal. (flushed=0 and evicted=0, during the time.)
2024-02-16T04:30:17.559066Z 0 [Note] InnoDB: page_cleaner: 1000ms intended loop took 765739ms. The settings might not be optimal. (flushed=0 and evicted=0, during the time.)
2024-02-16T04:46:13.409912Z 0 [Note] InnoDB: page_cleaner: 1000ms intended loop took 949803ms. The settings might not be optimal. (flushed=0 and evicted=0, during the time.)
2024-02-16T05:02:36.160353Z 0 [Note] InnoDB: page_cleaner: 1000ms intended loop took 978722ms. The settings might not be optimal. (flushed=0 and evicted=0, during the time.)
2024-02-16T05:15:16.926957Z 0 [Note] InnoDB: page_cleaner: 1000ms intended loop took 756738ms. The settings might not be optimal. (flushed=0 and evicted=0, during the time.)
2024-02-16T05:31:17.235494Z 0 [Note] InnoDB: page_cleaner: 1000ms intended loop took 955277ms. The settings might not be optimal. (flushed=0 and evicted=0, during the time.)
2024-02-16T05:47:23.577892Z 0 [Note] InnoDB: page_cleaner: 1000ms intended loop took 962324ms. The settings might not be optimal. (flushed=0 and evicted=0, during the time.)
2024-02-16T06:03:43.316953Z 0 [Note] InnoDB: page_cleaner: 1000ms intended loop took 974711ms. The settings might not be optimal. (flushed=0 and evicted=0, during the time.)
2024-02-16T06:20:40.059212Z 0 [Note] InnoDB: page_cleaner: 1000ms intended loop took 1012718ms. The settings might not be optimal. (flushed=0 and evicted=0, during the time.)
2024-02-16T06:32:15.819703Z 0 [Note] InnoDB: page_cleaner: 1000ms intended loop took 691736ms. The settings might not be optimal. (flushed=0 and evicted=0, during the time.)
2024-02-16T06:48:42.160964Z 0 [Note] InnoDB: page_cleaner: 1000ms intended loop took 981313ms. The settings might not be optimal. (flushed=0 and evicted=0, during the time.)
2024-02-16T07:03:46.916593Z 0 [Note] InnoDB: page_cleaner: 1000ms intended loop took 900716ms. The settings might not be optimal. (flushed=0 and evicted=0, during the time.)
2024-02-16T07:19:42.650155Z 0 [Note] InnoDB: page_cleaner: 1000ms intended loop took 951706ms. The settings might not be optimal. (flushed=0 and evicted=0, during the time.)
2024-02-16T07:33:14.392158Z 0 [Note] InnoDB: page_cleaner: 1000ms intended loop took 807714ms. The settings might not be optimal. (flushed=0 and evicted=0, during the time.)
2024-02-16T07:49:31.753162Z 0 [Note] InnoDB: page_cleaner: 1000ms intended loop took 972319ms. The settings might not be optimal. (flushed=0 and evicted=0, during the time.)
2024-02-16T08:06:55.493362Z 0 [Note] InnoDB: page_cleaner: 1000ms intended loop took 1039712ms. The settings might not be optimal. (flushed=0 and evicted=0, during the time.)
2024-02-16T08:23:42.260147Z 0 [Note] InnoDB: page_cleaner: 1000ms intended loop took 1002726ms. The settings might not be optimal. (flushed=0 and evicted=0, during the time.)
2024-02-16T08:34:14.039089Z 0 [Note] InnoDB: page_cleaner: 1000ms intended loop took 626738ms. The settings might not be optimal. (flushed=0 and evicted=0, during the time.)
2024-02-16T08:51:47.352674Z 0 [Note] InnoDB: page_cleaner: 1000ms intended loop took 1049285ms. The settings might not be optimal. (flushed=0 and evicted=0, during the time.)
2024-02-16T09:06:49.100068Z 0 [Note] InnoDB: page_cleaner: 1000ms intended loop took 897717ms. The settings might not be optimal. (flushed=0 and evicted=0, during the time.)
2024-02-16T09:22:16.856229Z 0 [Note] InnoDB: page_cleaner: 1000ms intended loop took 922714ms. The settings might not be optimal. (flushed=0 and evicted=0, during the time.)
2024-02-16T09:35:12.604047Z 0 [Note] InnoDB: page_cleaner: 1000ms intended loop took 771726ms. The settings might not be optimal. (flushed=0 and evicted=0, during the time.)
2024-02-16T09:51:17.872239Z 0 [Note] InnoDB: page_cleaner: 1000ms intended loop took 960249ms. The settings might not be optimal. (flushed=0 and evicted=0, during the time.)
2024-02-16T10:06:49.593561Z 0 [Note] InnoDB: page_cleaner: 1000ms intended loop took 927695ms. The settings might not be optimal. (flushed=0 and evicted=0, during the time.)
2024-02-16T10:22:35.332806Z 0 [Note] InnoDB: page_cleaner: 1000ms intended loop took 941718ms. The settings might not be optimal. (flushed=0 and evicted=0, during the time.)
2024-02-16T10:36:11.101239Z 0 [Note] InnoDB: page_cleaner: 1000ms intended loop took 811734ms. The settings might not be optimal. (flushed=0 and evicted=0, during the time.)
2024-02-16T10:51:43.242824Z 0 [Note] InnoDB: page_cleaner: 1000ms intended loop took 927112ms. The settings might not be optimal. (flushed=0 and evicted=0, during the time.)
2024-02-16T11:07:05.978537Z 0 [Note] InnoDB: page_cleaner: 1000ms intended loop took 918707ms. The settings might not be optimal. (flushed=0 and evicted=0, during the time.)
2024-02-16T11:22:10.743810Z 0 [Note] InnoDB: page_cleaner: 1000ms intended loop took 900740ms. The settings might not be optimal. (flushed=0 and evicted=0, during the time.)
2024-02-16T11:37:10.500205Z 0 [Note] InnoDB: page_cleaner: 1000ms intended loop took 894729ms. The settings might not be optimal. (flushed=0 and evicted=0, during the time.)
2024-02-16T11:54:28.665868Z 0 [Note] InnoDB: page_cleaner: 1000ms intended loop took 1034131ms. The settings might not be optimal. (flushed=0 and evicted=0, during the time.)
2024-02-16T12:11:28.387034Z 0 [Note] InnoDB: page_cleaner: 1000ms intended loop took 1014701ms. The settings might not be optimal. (flushed=0 and evicted=0, during the time.)
2024-02-16T12:26:47.153412Z 0 [Note] InnoDB: page_cleaner: 1000ms intended loop took 914727ms. The settings might not be optimal. (flushed=0 and evicted=0, during the time.)
2024-02-16T12:38:07.914533Z 0 [Note] InnoDB: page_cleaner: 1000ms intended loop took 676735ms. The settings might not be optimal. (flushed=0 and evicted=0, during the time.)
2024-02-16T12:55:47.230817Z 0 [Note] InnoDB: page_cleaner: 1000ms intended loop took 1054276ms. The settings might not be optimal. (flushed=0 and evicted=0, during the time.)
2024-02-16T13:12:02.978577Z 0 [Note] InnoDB: page_cleaner: 1000ms intended loop took 971724ms. The settings might not be optimal. (flushed=0 and evicted=0, during the time.)
2024-02-16T13:19:14.059227Z 0 [Note] InnoDB: page_cleaner: 1000ms intended loop took 427051ms. The settings might not be optimal. (flushed=0 and evicted=0, during the time.)
2024-02-16T13:22:48.994387Z 0 [Note] InnoDB: page_cleaner: 1000ms intended loop took 200126ms. The settings might not be optimal. (flushed=0 and evicted=0, during the time.)
2024-02-16T13:23:02.588456Z 0 [Note] InnoDB: page_cleaner: 1000ms intended loop took 8560ms. The settings might not be optimal. (flushed=0 and evicted=0, during the time.)
2024-02-16T13:27:09.307027Z 0 [Note] InnoDB: page_cleaner: 1000ms intended loop took 239678ms. The settings might not be optimal. (flushed=0 and evicted=0, during the time.)
2024-02-16T13:28:18.590431Z 0 [Note] InnoDB: page_cleaner: 1000ms intended loop took 64132ms. The settings might not be optimal. (flushed=0 and evicted=0, during the time.)
2024-02-16T13:39:07.577744Z 0 [Note] InnoDB: page_cleaner: 1000ms intended loop took 643944ms. The settings might not be optimal. (flushed=0 and evicted=0, during the time.)
2024-02-16T13:55:55.884493Z 0 [Note] InnoDB: page_cleaner: 1000ms intended loop took 1003290ms. The settings might not be optimal. (flushed=0 and evicted=0, during the time.)
2024-02-16T14:11:49.509083Z 0 [Note] InnoDB: page_cleaner: 1000ms intended loop took 949599ms. The settings might not be optimal. (flushed=0 and evicted=0, during the time.)
2024-02-16T14:27:47.139421Z 0 [Note] InnoDB: page_cleaner: 1000ms intended loop took 953596ms. The settings might not be optimal. (flushed=0 and evicted=0, during the time.)
2024-02-16T14:40:07.806265Z 0 [Note] InnoDB: page_cleaner: 1000ms intended loop took 735626ms. The settings might not be optimal. (flushed=0 and evicted=0, during the time.)
2024-02-16T14:40:17.567266Z 0 [Note] InnoDB: page_cleaner: 1000ms intended loop took 4728ms. The settings might not be optimal. (flushed=0 and evicted=0, during the time.)
2024-02-16T14:52:06.479259Z 0 [Note] InnoDB: page_cleaner: 1000ms intended loop took 703888ms. The settings might not be optimal. (flushed=0 and evicted=0, during the time.)
2024-02-16T15:07:15.546111Z 0 [Note] InnoDB: page_cleaner: 1000ms intended loop took 904021ms. The settings might not be optimal. (flushed=0 and evicted=0, during the time.)
2024-02-16T15:24:05.172990Z 0 [Note] InnoDB: page_cleaner: 1000ms intended loop took 1005591ms. The settings might not be optimal. (flushed=0 and evicted=0, during the time.)
2024-02-16T15:40:15.958622Z 0 [Note] InnoDB: page_cleaner: 1000ms intended loop took 966751ms. The settings might not be optimal. (flushed=0 and evicted=0, during the time.)
2024-02-16T15:56:53.572282Z 0 [Note] InnoDB: page_cleaner: 1000ms intended loop took 992596ms. The settings might not be optimal. (flushed=0 and evicted=0, during the time.)
2024-02-16T16:13:19.129745Z 0 [Note] InnoDB: page_cleaner: 1000ms intended loop took 981579ms. The settings might not be optimal. (flushed=0 and evicted=0, during the time.)
2024-02-16T16:29:31.747721Z 0 [Note] InnoDB: page_cleaner: 1000ms intended loop took 968606ms. The settings might not be optimal. (flushed=0 and evicted=0, during the time.)
2024-02-16T16:41:17.372322Z 0 [Note] InnoDB: page_cleaner: 1000ms intended loop took 700603ms. The settings might not be optimal. (flushed=0 and evicted=0, during the time.)
2024-02-16T16:57:43.558827Z 0 [Note] InnoDB: page_cleaner: 1000ms intended loop took 981147ms. The settings might not be optimal. (flushed=0 and evicted=0, during the time.)
2024-02-16T21:06:37.151300Z 0 [Note] InnoDB: page_cleaner: 1000ms intended loop took 923507ms. The settings might not be optimal. (flushed=0 and evicted=0, during the time.)
2024-02-16T21:24:08.042136Z 0 [Note] InnoDB: page_cleaner: 1000ms intended loop took 1046807ms. The settings might not be optimal. (flushed=0 and evicted=0, during the time.)
2024-02-16T21:41:19.717470Z 0 [Note] InnoDB: page_cleaner: 1000ms intended loop took 1026642ms. The settings might not be optimal. (flushed=0 and evicted=0, during the time.)
2024-02-16T21:58:43.739702Z 0 [Note] InnoDB: page_cleaner: 1000ms intended loop took 1038986ms. The settings might not be optimal. (flushed=0 and evicted=0, during the time.)
2024-02-16T22:15:03.285344Z 0 [Note] InnoDB: page_cleaner: 1000ms intended loop took 975587ms. The settings might not be optimal. (flushed=0 and evicted=0, during the time.)
2024-02-16T22:32:33.887017Z 0 [Note] InnoDB: page_cleaner: 1000ms intended loop took 1046585ms. The settings might not be optimal. (flushed=0 and evicted=0, during the time.)
2024-02-16T22:50:27.284226Z 0 [Note] InnoDB: page_cleaner: 1000ms intended loop took 1068378ms. The settings might not be optimal. (flushed=0 and evicted=0, during the time.)
2024-02-16T22:52:08.880880Z 0 [Note] InnoDB: page_cleaner: 1000ms intended loop took 97623ms. The settings might not be optimal. (flushed=0 and evicted=0, during the time.)
2024-02-16T23:08:41.799279Z 0 [Note] InnoDB: page_cleaner: 1000ms intended loop took 987877ms. The settings might not be optimal. (flushed=0 and evicted=0, during the time.)
2024-02-16T23:25:25.412221Z 0 [Note] InnoDB: page_cleaner: 1000ms intended loop took 998588ms. The settings might not be optimal. (flushed=0 and evicted=0, during the time.)
2024-02-16T23:40:40.013378Z 0 [Note] InnoDB: page_cleaner: 1000ms intended loop took 910590ms. The settings might not be optimal. (flushed=0 and evicted=0, during the time.)
2024-02-16T23:55:46.625309Z 0 [Note] InnoDB: page_cleaner: 1000ms intended loop took 902596ms. The settings might not be optimal. (flushed=0 and evicted=0, during the time.)
2024-02-17T00:13:30.249149Z 0 [Note] InnoDB: page_cleaner: 1000ms intended loop took 1058582ms. The settings might not be optimal. (flushed=0 and evicted=0, during the time.)
2024-02-17T00:30:10.807619Z 0 [Note] InnoDB: page_cleaner: 1000ms intended loop took 996617ms. The settings might not be optimal. (flushed=0 and evicted=0, during the time.)
2024-02-17T00:45:12.636843Z 0 [Note] InnoDB: page_cleaner: 1000ms intended loop took 897667ms. The settings might not be optimal. (flushed=0 and evicted=0, during the time.)
2024-02-17T01:01:30.311633Z 0 [Note] InnoDB: page_cleaner: 1000ms intended loop took 972646ms. The settings might not be optimal. (flushed=0 and evicted=0, during the time.)
2024-02-17T01:18:53.876888Z 0 [Note] InnoDB: page_cleaner: 1000ms intended loop took 1039609ms. The settings might not be optimal. (flushed=0 and evicted=0, during the time.)
2024-02-17T01:34:34.453129Z 0 [Note] InnoDB: page_cleaner: 1000ms intended loop took 936545ms. The settings might not be optimal. (flushed=0 and evicted=0, during the time.)
2024-02-17T01:50:33.094558Z 0 [Note] InnoDB: page_cleaner: 1000ms intended loop took 953616ms. The settings might not be optimal. (flushed=0 and evicted=0, during the time.)
2024-02-17T02:08:22.746847Z 0 [Note] InnoDB: page_cleaner: 1000ms intended loop took 1065617ms. The settings might not be optimal. (flushed=0 and evicted=0, during the time.)
2024-02-17T02:24:59.390604Z 0 [Note] InnoDB: page_cleaner: 1000ms intended loop took 992630ms. The settings might not be optimal. (flushed=0 and evicted=0, during the time.)
2024-02-17T02:29:33.964357Z 0 [Note] InnoDB: page_cleaner: 1000ms intended loop took 269542ms. The settings might not be optimal. (flushed=0 and evicted=0, during the time.)
2024-02-17T03:33:58.709887Z 0 [Note] InnoDB: page_cleaner: 1000ms intended loop took 940760ms. The settings might not be optimal. (flushed=0 and evicted=0, during the time.)
2024-02-17T03:49:34.314501Z 0 [Note] InnoDB: page_cleaner: 1000ms intended loop took 931576ms. The settings might not be optimal. (flushed=0 and evicted=0, during the time.)
2024-02-17T04:05:34.024334Z 0 [Note] InnoDB: page_cleaner: 1000ms intended loop took 955678ms. The settings might not be optimal. (flushed=0 and evicted=0, during the time.)
2024-02-17T04:20:40.649232Z 0 [Note] InnoDB: page_cleaner: 1000ms intended loop took 901606ms. The settings might not be optimal. (flushed=0 and evicted=0, during the time.)
2024-02-17T04:35:50.177309Z 0 [Note] InnoDB: page_cleaner: 1000ms intended loop took 905598ms. The settings might not be optimal. (flushed=0 and evicted=0, during the time.)
2024-02-17T04:52:36.813869Z 0 [Note] InnoDB: page_cleaner: 1000ms intended loop took 1002607ms. The settings might not be optimal. (flushed=0 and evicted=0, during the time.)
2024-02-17T05:10:05.440050Z 0 [Note] InnoDB: page_cleaner: 1000ms intended loop took 1043595ms. The settings might not be optimal. (flushed=0 and evicted=0, during the time.)
2024-02-17T05:18:32.024017Z 0 [Note] InnoDB: page_cleaner: 1000ms intended loop took 502564ms. The settings might not be optimal. (flushed=0 and evicted=0, during the time.)
2024-02-17T06:23:10.961197Z 0 [Note] InnoDB: page_cleaner: 1000ms intended loop took 947929ms. The settings might not be optimal. (flushed=0 and evicted=0, during the time.)
2024-02-17T06:39:52.721228Z 0 [Note] InnoDB: page_cleaner: 1000ms intended loop took 997605ms. The settings might not be optimal. (flushed=0 and evicted=0, during the time.)
2024-02-17T06:55:58.477688Z 0 [Note] InnoDB: page_cleaner: 1000ms intended loop took 961648ms. The settings might not be optimal. (flushed=0 and evicted=0, during the time.)
2024-02-17T07:11:12.149700Z 0 [Note] InnoDB: page_cleaner: 1000ms intended loop took 908642ms. The settings might not be optimal. (flushed=0 and evicted=0, during the time.)
2024-02-17T07:24:10.791104Z 0 [Note] InnoDB: page_cleaner: 1000ms intended loop took 774613ms. The settings might not be optimal. (flushed=0 and evicted=0, during the time.)
2024-02-17T07:41:18.656848Z 0 [Note] InnoDB: page_cleaner: 1000ms intended loop took 1022842ms. The settings might not be optimal. (flushed=0 and evicted=0, during the time.)
2024-02-17T07:57:08.425759Z 0 [Note] InnoDB: page_cleaner: 1000ms intended loop took 945741ms. The settings might not be optimal. (flushed=0 and evicted=0, during the time.)
2024-02-17T08:13:46.152126Z 0 [Note] InnoDB: page_cleaner: 1000ms intended loop took 992754ms. The settings might not be optimal. (flushed=0 and evicted=0, during the time.)
2024-02-17T08:14:09.724321Z 0 [Note] InnoDB: page_cleaner: 1000ms intended loop took 18544ms. The settings might not be optimal. (flushed=0 and evicted=0, during the time.)
2024-02-17T08:30:31.817265Z 0 [Note] InnoDB: page_cleaner: 1000ms intended loop took 977062ms. The settings might not be optimal. (flushed=0 and evicted=0, during the time.)
2024-02-17T08:46:07.405005Z 0 [Note] InnoDB: page_cleaner: 1000ms intended loop took 931582ms. The settings might not be optimal. (flushed=0 and evicted=0, during the time.)
2024-02-17T08:56:26.588090Z 0 [Note] InnoDB: page_cleaner: 1000ms intended loop took 615229ms. The settings might not be optimal. (flushed=0 and evicted=0, during the time.)
2024-02-17T09:14:09.557250Z 0 [Note] InnoDB: page_cleaner: 1000ms intended loop took 857150ms. The settings might not be optimal. (flushed=0 and evicted=0, during the time.)
2024-02-17T09:29:26.427708Z 0 [Note] InnoDB: page_cleaner: 1000ms intended loop took 911835ms. The settings might not be optimal. (flushed=0 and evicted=0, during the time.)
2024-02-17T09:46:05.038255Z 0 [Note] InnoDB: page_cleaner: 1000ms intended loop took 994596ms. The settings might not be optimal. (flushed=0 and evicted=0, during the time.)
2024-02-17T10:03:08.692914Z 0 [Note] InnoDB: page_cleaner: 1000ms intended loop took 1018617ms. The settings might not be optimal. (flushed=0 and evicted=0, during the time.)
2024-02-17T10:15:10.309305Z 0 [Note] InnoDB: page_cleaner: 1000ms intended loop took 717576ms. The settings might not be optimal. (flushed=0 and evicted=0, during the time.)
2024-02-17T10:32:31.311471Z 0 [Note] InnoDB: page_cleaner: 1000ms intended loop took 1035961ms. The settings might not be optimal. (flushed=0 and evicted=0, during the time.)
2024-02-17T10:47:54.937738Z 0 [Note] InnoDB: page_cleaner: 1000ms intended loop took 919588ms. The settings might not be optimal. (flushed=0 and evicted=0, during the time.)
2024-02-17T10:59:12.166448Z 0 [Note] InnoDB: page_cleaner: 1000ms intended loop took 672184ms. The settings might not be optimal. (flushed=0 and evicted=0, during the time.)
2024-02-17T11:01:03.031370Z 0 [Note] InnoDB: page_cleaner: 1000ms intended loop took 100766ms. The settings might not be optimal. (flushed=0 and evicted=0, during the time.)
2024-02-17T11:17:39.387355Z 0 [Note] InnoDB: page_cleaner: 1000ms intended loop took 987302ms. The settings might not be optimal. (flushed=0 and evicted=0, during the time.)
2024-02-17T11:20:02.266080Z 0 [Note] InnoDB: page_cleaner: 1000ms intended loop took 131791ms. The settings might not be optimal. (flushed=0 and evicted=0, during the time.)
2024-02-17T11:22:52.313876Z 0 [Note] InnoDB: page_cleaner: 1000ms intended loop took 142868ms. The settings might not be optimal. (flushed=0 and evicted=0, during the time.)
2024-02-17T11:23:59.422557Z 0 [Note] InnoDB: page_cleaner: 1000ms intended loop took 57039ms. The settings might not be optimal. (flushed=0 and evicted=0, during the time.)
2024-02-17T11:41:45.878639Z 0 [Note] InnoDB: page_cleaner: 1000ms intended loop took 1057418ms. The settings might not be optimal. (flushed=0 and evicted=0, during the time.)
2024-02-17T11:58:00.701577Z 0 [Note] InnoDB: page_cleaner: 1000ms intended loop took 970798ms. The settings might not be optimal. (flushed=0 and evicted=0, during the time.)
2024-02-17T12:00:24.369782Z 0 [Note] InnoDB: page_cleaner: 1000ms intended loop took 138635ms. The settings might not be optimal. (flushed=0 and evicted=0, during the time.)
2024-02-17T12:18:03.739879Z 0 [Note] InnoDB: page_cleaner: 1000ms intended loop took 1053329ms. The settings might not be optimal. (flushed=0 and evicted=0, during the time.)
2024-02-17T12:34:58.387057Z 0 [Note] InnoDB: page_cleaner: 1000ms intended loop took 1009602ms. The settings might not be optimal. (flushed=0 and evicted=0, during the time.)
2024-02-17T12:50:29.005956Z 0 [Note] InnoDB: page_cleaner: 1000ms intended loop took 926590ms. The settings might not be optimal. (flushed=0 and evicted=0, during the time.)
2024-02-17T12:58:24.728851Z 0 [Note] InnoDB: page_cleaner: 1000ms intended loop took 471700ms. The settings might not be optimal. (flushed=0 and evicted=0, during the time.)
2024-02-17T13:00:00.777329Z 0 [Note] InnoDB: page_cleaner: 1000ms intended loop took 86974ms. The settings might not be optimal. (flushed=0 and evicted=0, during the time.)
2024-02-17T13:00:16.022031Z 0 [Note] InnoDB: page_cleaner: 1000ms intended loop took 10210ms. The settings might not be optimal. (flushed=0 and evicted=0, during the time.)
2024-02-17T13:00:44.178486Z 0 [Note] InnoDB: page_cleaner: 1000ms intended loop took 23123ms. The settings might not be optimal. (flushed=0 and evicted=0, during the time.)
2024-02-17T13:17:19.555038Z 0 [Note] InnoDB: page_cleaner: 1000ms intended loop took 990346ms. The settings might not be optimal. (flushed=0 and evicted=0, during the time.)
2024-02-17T13:33:25.190890Z 0 [Note] InnoDB: page_cleaner: 1000ms intended loop took 960600ms. The settings might not be optimal. (flushed=0 and evicted=0, during the time.)
2024-02-17T13:51:24.806963Z 0 [Note] InnoDB: page_cleaner: 1000ms intended loop took 1075592ms. The settings might not be optimal. (flushed=0 and evicted=0, during the time.)
2024-02-17T14:01:44.438268Z 0 [Note] InnoDB: page_cleaner: 1000ms intended loop took 615605ms. The settings might not be optimal. (flushed=0 and evicted=0, during the time.)
2024-02-17T14:07:20.403210Z 0 [Note] InnoDB: page_cleaner: 1000ms intended loop took 330947ms. The settings might not be optimal. (flushed=0 and evicted=0, during the time.)
2024-02-17T14:11:37.976778Z 0 [Note] InnoDB: page_cleaner: 1000ms intended loop took 252542ms. The settings might not be optimal. (flushed=0 and evicted=0, during the time.)
2024-02-17T14:16:59.756847Z 0 [Note] InnoDB: page_cleaner: 1000ms intended loop took 316739ms. The settings might not be optimal. (flushed=0 and evicted=0, during the time.)
2024-02-17T15:44:18.809184Z 0 [Note] InnoDB: page_cleaner: 1000ms intended loop took 592397ms. The settings might not be optimal. (flushed=0 and evicted=0, during the time.)
