[03-Feb-2024 18:16:47 UTC] PHP Deprecated:  Return type of Illuminate\Container\Container::offsetExists($key) should either be compatible with ArrayAccess::offsetExists(mixed $offset): bool, or the #[\ReturnTypeWillChange] attribute should be used to temporarily suppress the notice in /Users/r.m1107/Sites/localhost/practice/vendor/laravel/framework/src/Illuminate/Container/Container.php on line 1231
[03-Feb-2024 18:16:47 UTC] PHP Deprecated:  Return type of Illuminate\Container\Container::offsetGet($key) should either be compatible with ArrayAccess::offsetGet(mixed $offset): mixed, or the #[\ReturnTypeWillChange] attribute should be used to temporarily suppress the notice in /Users/r.m1107/Sites/localhost/practice/vendor/laravel/framework/src/Illuminate/Container/Container.php on line 1242
[03-Feb-2024 18:16:47 UTC] PHP Deprecated:  Return type of Illuminate\Container\Container::offsetSet($key, $value) should either be compatible with ArrayAccess::offsetSet(mixed $offset, mixed $value): void, or the #[\ReturnTypeWillChange] attribute should be used to temporarily suppress the notice in /Users/r.m1107/Sites/localhost/practice/vendor/laravel/framework/src/Illuminate/Container/Container.php on line 1254
[03-Feb-2024 18:16:47 UTC] PHP Deprecated:  Return type of Illuminate\Container\Container::offsetUnset($key) should either be compatible with ArrayAccess::offsetUnset(mixed $offset): void, or the #[\ReturnTypeWillChange] attribute should be used to temporarily suppress the notice in /Users/r.m1107/Sites/localhost/practice/vendor/laravel/framework/src/Illuminate/Container/Container.php on line 1267
[03-Feb-2024 18:16:47 UTC] PHP Deprecated:  Return type of Illuminate\Routing\RouteCollection::count() should either be compatible with Countable::count(): int, or the #[\ReturnTypeWillChange] attribute should be used to temporarily suppress the notice in /Users/r.m1107/Sites/localhost/practice/vendor/laravel/framework/src/Illuminate/Routing/RouteCollection.php on line 355
[03-Feb-2024 18:16:47 UTC] PHP Deprecated:  Return type of Illuminate\Routing\RouteCollection::getIterator() should either be compatible with IteratorAggregate::getIterator(): Traversable, or the #[\ReturnTypeWillChange] attribute should be used to temporarily suppress the notice in /Users/r.m1107/Sites/localhost/practice/vendor/laravel/framework/src/Illuminate/Routing/RouteCollection.php on line 345
[03-Feb-2024 18:16:47 UTC] PHP Deprecated:  Return type of Illuminate\Http\Request::offsetExists($offset) should either be compatible with ArrayAccess::offsetExists(mixed $offset): bool, or the #[\ReturnTypeWillChange] attribute should be used to temporarily suppress the notice in /Users/r.m1107/Sites/localhost/practice/vendor/laravel/framework/src/Illuminate/Http/Request.php on line 641
[03-Feb-2024 18:16:47 UTC] PHP Deprecated:  Return type of Illuminate\Http\Request::offsetGet($offset) should either be compatible with ArrayAccess::offsetGet(mixed $offset): mixed, or the #[\ReturnTypeWillChange] attribute should be used to temporarily suppress the notice in /Users/r.m1107/Sites/localhost/practice/vendor/laravel/framework/src/Illuminate/Http/Request.php on line 655
[03-Feb-2024 18:16:47 UTC] PHP Deprecated:  Return type of Illuminate\Http\Request::offsetSet($offset, $value) should either be compatible with ArrayAccess::offsetSet(mixed $offset, mixed $value): void, or the #[\ReturnTypeWillChange] attribute should be used to temporarily suppress the notice in /Users/r.m1107/Sites/localhost/practice/vendor/laravel/framework/src/Illuminate/Http/Request.php on line 667
[03-Feb-2024 18:16:47 UTC] PHP Deprecated:  Return type of Illuminate\Http\Request::offsetUnset($offset) should either be compatible with ArrayAccess::offsetUnset(mixed $offset): void, or the #[\ReturnTypeWillChange] attribute should be used to temporarily suppress the notice in /Users/r.m1107/Sites/localhost/practice/vendor/laravel/framework/src/Illuminate/Http/Request.php on line 678
[03-Feb-2024 18:16:47 UTC] PHP Deprecated:  Return type of Illuminate\Config\Repository::offsetExists($key) should either be compatible with ArrayAccess::offsetExists(mixed $offset): bool, or the #[\ReturnTypeWillChange] attribute should be used to temporarily suppress the notice in /Users/r.m1107/Sites/localhost/practice/vendor/laravel/framework/src/Illuminate/Config/Repository.php on line 141
[03-Feb-2024 18:16:47 UTC] PHP Deprecated:  Return type of Illuminate\Config\Repository::offsetGet($key) should either be compatible with ArrayAccess::offsetGet(mixed $offset): mixed, or the #[\ReturnTypeWillChange] attribute should be used to temporarily suppress the notice in /Users/r.m1107/Sites/localhost/practice/vendor/laravel/framework/src/Illuminate/Config/Repository.php on line 152
[03-Feb-2024 18:16:47 UTC] PHP Deprecated:  Return type of Illuminate\Config\Repository::offsetSet($key, $value) should either be compatible with ArrayAccess::offsetSet(mixed $offset, mixed $value): void, or the #[\ReturnTypeWillChange] attribute should be used to temporarily suppress the notice in /Users/r.m1107/Sites/localhost/practice/vendor/laravel/framework/src/Illuminate/Config/Repository.php on line 164
[03-Feb-2024 18:16:47 UTC] PHP Deprecated:  Return type of Illuminate\Config\Repository::offsetUnset($key) should either be compatible with ArrayAccess::offsetUnset(mixed $offset): void, or the #[\ReturnTypeWillChange] attribute should be used to temporarily suppress the notice in /Users/r.m1107/Sites/localhost/practice/vendor/laravel/framework/src/Illuminate/Config/Repository.php on line 175
[03-Feb-2024 18:16:47 UTC] PHP Fatal error:  During inheritance of ArrayAccess: Uncaught ErrorException: Return type of Illuminate\Support\Collection::offsetExists($key) should either be compatible with ArrayAccess::offsetExists(mixed $offset): bool, or the #[\ReturnTypeWillChange] attribute should be used to temporarily suppress the notice in /Users/r.m1107/Sites/localhost/practice/vendor/laravel/framework/src/Illuminate/Support/Collection.php:1277
Stack trace:
#0 /Users/r.m1107/Sites/localhost/practice/vendor/laravel/framework/src/Illuminate/Support/Collection.php(11): Illuminate\Foundation\Bootstrap\HandleExceptions->handleError(8192, 'Return type of ...', '/Users/r.m1107/...', 1277)
#1 /Users/r.m1107/Sites/localhost/practice/vendor/composer/ClassLoader.php(571): include('/Users/r.m1107/...')
#2 /Users/r.m1107/Sites/localhost/practice/vendor/composer/ClassLoader.php(428): Composer\Autoload\includeFile('/Users/r.m1107/...')
#3 /Users/r.m1107/Sites/localhost/practice/vendor/laravel/framework/src/Illuminate/Support/helpers.php(109): Composer\Autoload\ClassLoader->loadClass('Illuminate\\Supp...')
#4 /Users/r.m1107/Sites/localhost/practice/vendor/laravel/framework/src/Illuminate/Foundation/PackageManifest.php(89): collect(Array)
#5 /Users/r.m1107/Sites/localhost/practice/vendor/laravel/framework/src/Illuminate/Foundation/PackageManifest.php(78): Illuminate\Foundation\PackageManifest->config('aliases')
#6 /Users/r.m1107/Sites/localhost/practice/vendor/laravel/framework/src/Illuminate/Foundation/Bootstrap/RegisterFacades.php(26): Illuminate\Foundation\PackageManifest->aliases()
#7 /Users/r.m1107/Sites/localhost/practice/vendor/laravel/framework/src/Illuminate/Foundation/Application.php(219): Illuminate\Foundation\Bootstrap\RegisterFacades->bootstrap(Object(Illuminate\Foundation\Application))
#8 /Users/r.m1107/Sites/localhost/practice/vendor/laravel/framework/src/Illuminate/Foundation/Http/Kernel.php(156): Illuminate\Foundation\Application->bootstrapWith(Array)
#9 /Users/r.m1107/Sites/localhost/practice/vendor/laravel/framework/src/Illuminate/Foundation/Http/Kernel.php(140): Illuminate\Foundation\Http\Kernel->bootstrap()
#10 /Users/r.m1107/Sites/localhost/practice/vendor/laravel/framework/src/Illuminate/Foundation/Http/Kernel.php(110): Illuminate\Foundation\Http\Kernel->sendRequestThroughRouter(Object(Illuminate\Http\Request))
#11 /Users/r.m1107/Sites/localhost/practice/public/index.php(54): Illuminate\Foundation\Http\Kernel->handle(Object(Illuminate\Http\Request))
#12 {main} in /Users/r.m1107/Sites/localhost/practice/vendor/laravel/framework/src/Illuminate/Support/Collection.php on line 11
[03-Feb-2024 18:17:25 UTC] PHP Deprecated:  Return type of Illuminate\Container\Container::offsetExists($key) should either be compatible with ArrayAccess::offsetExists(mixed $offset): bool, or the #[\ReturnTypeWillChange] attribute should be used to temporarily suppress the notice in /Users/r.m1107/Sites/localhost/practice/vendor/laravel/framework/src/Illuminate/Container/Container.php on line 1231
[03-Feb-2024 18:17:25 UTC] PHP Deprecated:  Return type of Illuminate\Container\Container::offsetGet($key) should either be compatible with ArrayAccess::offsetGet(mixed $offset): mixed, or the #[\ReturnTypeWillChange] attribute should be used to temporarily suppress the notice in /Users/r.m1107/Sites/localhost/practice/vendor/laravel/framework/src/Illuminate/Container/Container.php on line 1242
[03-Feb-2024 18:17:25 UTC] PHP Deprecated:  Return type of Illuminate\Container\Container::offsetSet($key, $value) should either be compatible with ArrayAccess::offsetSet(mixed $offset, mixed $value): void, or the #[\ReturnTypeWillChange] attribute should be used to temporarily suppress the notice in /Users/r.m1107/Sites/localhost/practice/vendor/laravel/framework/src/Illuminate/Container/Container.php on line 1254
[03-Feb-2024 18:17:25 UTC] PHP Deprecated:  Return type of Illuminate\Container\Container::offsetUnset($key) should either be compatible with ArrayAccess::offsetUnset(mixed $offset): void, or the #[\ReturnTypeWillChange] attribute should be used to temporarily suppress the notice in /Users/r.m1107/Sites/localhost/practice/vendor/laravel/framework/src/Illuminate/Container/Container.php on line 1267
[03-Feb-2024 18:17:25 UTC] PHP Deprecated:  Return type of Illuminate\Routing\RouteCollection::count() should either be compatible with Countable::count(): int, or the #[\ReturnTypeWillChange] attribute should be used to temporarily suppress the notice in /Users/r.m1107/Sites/localhost/practice/vendor/laravel/framework/src/Illuminate/Routing/RouteCollection.php on line 355
[03-Feb-2024 18:17:25 UTC] PHP Deprecated:  Return type of Illuminate\Routing\RouteCollection::getIterator() should either be compatible with IteratorAggregate::getIterator(): Traversable, or the #[\ReturnTypeWillChange] attribute should be used to temporarily suppress the notice in /Users/r.m1107/Sites/localhost/practice/vendor/laravel/framework/src/Illuminate/Routing/RouteCollection.php on line 345
[03-Feb-2024 18:17:25 UTC] PHP Deprecated:  Return type of Illuminate\Http\Request::offsetExists($offset) should either be compatible with ArrayAccess::offsetExists(mixed $offset): bool, or the #[\ReturnTypeWillChange] attribute should be used to temporarily suppress the notice in /Users/r.m1107/Sites/localhost/practice/vendor/laravel/framework/src/Illuminate/Http/Request.php on line 641
[03-Feb-2024 18:17:25 UTC] PHP Deprecated:  Return type of Illuminate\Http\Request::offsetGet($offset) should either be compatible with ArrayAccess::offsetGet(mixed $offset): mixed, or the #[\ReturnTypeWillChange] attribute should be used to temporarily suppress the notice in /Users/r.m1107/Sites/localhost/practice/vendor/laravel/framework/src/Illuminate/Http/Request.php on line 655
[03-Feb-2024 18:17:25 UTC] PHP Deprecated:  Return type of Illuminate\Http\Request::offsetSet($offset, $value) should either be compatible with ArrayAccess::offsetSet(mixed $offset, mixed $value): void, or the #[\ReturnTypeWillChange] attribute should be used to temporarily suppress the notice in /Users/r.m1107/Sites/localhost/practice/vendor/laravel/framework/src/Illuminate/Http/Request.php on line 667
[03-Feb-2024 18:17:25 UTC] PHP Deprecated:  Return type of Illuminate\Http\Request::offsetUnset($offset) should either be compatible with ArrayAccess::offsetUnset(mixed $offset): void, or the #[\ReturnTypeWillChange] attribute should be used to temporarily suppress the notice in /Users/r.m1107/Sites/localhost/practice/vendor/laravel/framework/src/Illuminate/Http/Request.php on line 678
[03-Feb-2024 18:17:25 UTC] PHP Deprecated:  Return type of Illuminate\Config\Repository::offsetExists($key) should either be compatible with ArrayAccess::offsetExists(mixed $offset): bool, or the #[\ReturnTypeWillChange] attribute should be used to temporarily suppress the notice in /Users/r.m1107/Sites/localhost/practice/vendor/laravel/framework/src/Illuminate/Config/Repository.php on line 141
[03-Feb-2024 18:17:25 UTC] PHP Deprecated:  Return type of Illuminate\Config\Repository::offsetGet($key) should either be compatible with ArrayAccess::offsetGet(mixed $offset): mixed, or the #[\ReturnTypeWillChange] attribute should be used to temporarily suppress the notice in /Users/r.m1107/Sites/localhost/practice/vendor/laravel/framework/src/Illuminate/Config/Repository.php on line 152
[03-Feb-2024 18:17:25 UTC] PHP Deprecated:  Return type of Illuminate\Config\Repository::offsetSet($key, $value) should either be compatible with ArrayAccess::offsetSet(mixed $offset, mixed $value): void, or the #[\ReturnTypeWillChange] attribute should be used to temporarily suppress the notice in /Users/r.m1107/Sites/localhost/practice/vendor/laravel/framework/src/Illuminate/Config/Repository.php on line 164
[03-Feb-2024 18:17:25 UTC] PHP Deprecated:  Return type of Illuminate\Config\Repository::offsetUnset($key) should either be compatible with ArrayAccess::offsetUnset(mixed $offset): void, or the #[\ReturnTypeWillChange] attribute should be used to temporarily suppress the notice in /Users/r.m1107/Sites/localhost/practice/vendor/laravel/framework/src/Illuminate/Config/Repository.php on line 175
[03-Feb-2024 18:17:25 UTC] PHP Fatal error:  During inheritance of ArrayAccess: Uncaught ErrorException: Return type of Illuminate\Support\Collection::offsetExists($key) should either be compatible with ArrayAccess::offsetExists(mixed $offset): bool, or the #[\ReturnTypeWillChange] attribute should be used to temporarily suppress the notice in /Users/r.m1107/Sites/localhost/practice/vendor/laravel/framework/src/Illuminate/Support/Collection.php:1277
Stack trace:
#0 /Users/r.m1107/Sites/localhost/practice/vendor/laravel/framework/src/Illuminate/Support/Collection.php(11): Illuminate\Foundation\Bootstrap\HandleExceptions->handleError(8192, 'Return type of ...', '/Users/r.m1107/...', 1277)
#1 /Users/r.m1107/Sites/localhost/practice/vendor/composer/ClassLoader.php(571): include('/Users/r.m1107/...')
#2 /Users/r.m1107/Sites/localhost/practice/vendor/composer/ClassLoader.php(428): Composer\Autoload\includeFile('/Users/r.m1107/...')
#3 /Users/r.m1107/Sites/localhost/practice/vendor/laravel/framework/src/Illuminate/Support/helpers.php(109): Composer\Autoload\ClassLoader->loadClass('Illuminate\\Supp...')
#4 /Users/r.m1107/Sites/localhost/practice/vendor/laravel/framework/src/Illuminate/Foundation/PackageManifest.php(89): collect(Array)
#5 /Users/r.m1107/Sites/localhost/practice/vendor/laravel/framework/src/Illuminate/Foundation/PackageManifest.php(78): Illuminate\Foundation\PackageManifest->config('aliases')
#6 /Users/r.m1107/Sites/localhost/practice/vendor/laravel/framework/src/Illuminate/Foundation/Bootstrap/RegisterFacades.php(26): Illuminate\Foundation\PackageManifest->aliases()
#7 /Users/r.m1107/Sites/localhost/practice/vendor/laravel/framework/src/Illuminate/Foundation/Application.php(219): Illuminate\Foundation\Bootstrap\RegisterFacades->bootstrap(Object(Illuminate\Foundation\Application))
#8 /Users/r.m1107/Sites/localhost/practice/vendor/laravel/framework/src/Illuminate/Foundation/Http/Kernel.php(156): Illuminate\Foundation\Application->bootstrapWith(Array)
#9 /Users/r.m1107/Sites/localhost/practice/vendor/laravel/framework/src/Illuminate/Foundation/Http/Kernel.php(140): Illuminate\Foundation\Http\Kernel->bootstrap()
#10 /Users/r.m1107/Sites/localhost/practice/vendor/laravel/framework/src/Illuminate/Foundation/Http/Kernel.php(110): Illuminate\Foundation\Http\Kernel->sendRequestThroughRouter(Object(Illuminate\Http\Request))
#11 /Users/r.m1107/Sites/localhost/practice/public/index.php(54): Illuminate\Foundation\Http\Kernel->handle(Object(Illuminate\Http\Request))
#12 {main} in /Users/r.m1107/Sites/localhost/practice/vendor/laravel/framework/src/Illuminate/Support/Collection.php on line 11
[03-Feb-2024 18:20:35 UTC] PHP Deprecated:  Return type of Illuminate\Container\Container::offsetExists($key) should either be compatible with ArrayAccess::offsetExists(mixed $offset): bool, or the #[\ReturnTypeWillChange] attribute should be used to temporarily suppress the notice in /Users/r.m1107/Sites/localhost/practice/vendor/laravel/framework/src/Illuminate/Container/Container.php on line 1231
[03-Feb-2024 18:20:35 UTC] PHP Deprecated:  Return type of Illuminate\Container\Container::offsetGet($key) should either be compatible with ArrayAccess::offsetGet(mixed $offset): mixed, or the #[\ReturnTypeWillChange] attribute should be used to temporarily suppress the notice in /Users/r.m1107/Sites/localhost/practice/vendor/laravel/framework/src/Illuminate/Container/Container.php on line 1242
[03-Feb-2024 18:20:35 UTC] PHP Deprecated:  Return type of Illuminate\Container\Container::offsetSet($key, $value) should either be compatible with ArrayAccess::offsetSet(mixed $offset, mixed $value): void, or the #[\ReturnTypeWillChange] attribute should be used to temporarily suppress the notice in /Users/r.m1107/Sites/localhost/practice/vendor/laravel/framework/src/Illuminate/Container/Container.php on line 1254
[03-Feb-2024 18:20:35 UTC] PHP Deprecated:  Return type of Illuminate\Container\Container::offsetUnset($key) should either be compatible with ArrayAccess::offsetUnset(mixed $offset): void, or the #[\ReturnTypeWillChange] attribute should be used to temporarily suppress the notice in /Users/r.m1107/Sites/localhost/practice/vendor/laravel/framework/src/Illuminate/Container/Container.php on line 1267
[03-Feb-2024 18:20:35 UTC] PHP Deprecated:  Return type of Illuminate\Routing\RouteCollection::count() should either be compatible with Countable::count(): int, or the #[\ReturnTypeWillChange] attribute should be used to temporarily suppress the notice in /Users/r.m1107/Sites/localhost/practice/vendor/laravel/framework/src/Illuminate/Routing/RouteCollection.php on line 355
[03-Feb-2024 18:20:35 UTC] PHP Deprecated:  Return type of Illuminate\Routing\RouteCollection::getIterator() should either be compatible with IteratorAggregate::getIterator(): Traversable, or the #[\ReturnTypeWillChange] attribute should be used to temporarily suppress the notice in /Users/r.m1107/Sites/localhost/practice/vendor/laravel/framework/src/Illuminate/Routing/RouteCollection.php on line 345
[03-Feb-2024 18:20:35 UTC] PHP Deprecated:  Return type of Illuminate\Http\Request::offsetExists($offset) should either be compatible with ArrayAccess::offsetExists(mixed $offset): bool, or the #[\ReturnTypeWillChange] attribute should be used to temporarily suppress the notice in /Users/r.m1107/Sites/localhost/practice/vendor/laravel/framework/src/Illuminate/Http/Request.php on line 641
[03-Feb-2024 18:20:35 UTC] PHP Deprecated:  Return type of Illuminate\Http\Request::offsetGet($offset) should either be compatible with ArrayAccess::offsetGet(mixed $offset): mixed, or the #[\ReturnTypeWillChange] attribute should be used to temporarily suppress the notice in /Users/r.m1107/Sites/localhost/practice/vendor/laravel/framework/src/Illuminate/Http/Request.php on line 655
[03-Feb-2024 18:20:35 UTC] PHP Deprecated:  Return type of Illuminate\Http\Request::offsetSet($offset, $value) should either be compatible with ArrayAccess::offsetSet(mixed $offset, mixed $value): void, or the #[\ReturnTypeWillChange] attribute should be used to temporarily suppress the notice in /Users/r.m1107/Sites/localhost/practice/vendor/laravel/framework/src/Illuminate/Http/Request.php on line 667
[03-Feb-2024 18:20:35 UTC] PHP Deprecated:  Return type of Illuminate\Http\Request::offsetUnset($offset) should either be compatible with ArrayAccess::offsetUnset(mixed $offset): void, or the #[\ReturnTypeWillChange] attribute should be used to temporarily suppress the notice in /Users/r.m1107/Sites/localhost/practice/vendor/laravel/framework/src/Illuminate/Http/Request.php on line 678
[03-Feb-2024 18:20:35 UTC] PHP Deprecated:  Return type of Illuminate\Config\Repository::offsetExists($key) should either be compatible with ArrayAccess::offsetExists(mixed $offset): bool, or the #[\ReturnTypeWillChange] attribute should be used to temporarily suppress the notice in /Users/r.m1107/Sites/localhost/practice/vendor/laravel/framework/src/Illuminate/Config/Repository.php on line 141
[03-Feb-2024 18:20:35 UTC] PHP Deprecated:  Return type of Illuminate\Config\Repository::offsetGet($key) should either be compatible with ArrayAccess::offsetGet(mixed $offset): mixed, or the #[\ReturnTypeWillChange] attribute should be used to temporarily suppress the notice in /Users/r.m1107/Sites/localhost/practice/vendor/laravel/framework/src/Illuminate/Config/Repository.php on line 152
[03-Feb-2024 18:20:35 UTC] PHP Deprecated:  Return type of Illuminate\Config\Repository::offsetSet($key, $value) should either be compatible with ArrayAccess::offsetSet(mixed $offset, mixed $value): void, or the #[\ReturnTypeWillChange] attribute should be used to temporarily suppress the notice in /Users/r.m1107/Sites/localhost/practice/vendor/laravel/framework/src/Illuminate/Config/Repository.php on line 164
[03-Feb-2024 18:20:35 UTC] PHP Deprecated:  Return type of Illuminate\Config\Repository::offsetUnset($key) should either be compatible with ArrayAccess::offsetUnset(mixed $offset): void, or the #[\ReturnTypeWillChange] attribute should be used to temporarily suppress the notice in /Users/r.m1107/Sites/localhost/practice/vendor/laravel/framework/src/Illuminate/Config/Repository.php on line 175
[03-Feb-2024 18:20:35 UTC] PHP Fatal error:  During inheritance of ArrayAccess: Uncaught ErrorException: Return type of Illuminate\Support\Collection::offsetExists($key) should either be compatible with ArrayAccess::offsetExists(mixed $offset): bool, or the #[\ReturnTypeWillChange] attribute should be used to temporarily suppress the notice in /Users/r.m1107/Sites/localhost/practice/vendor/laravel/framework/src/Illuminate/Support/Collection.php:1277
Stack trace:
#0 /Users/r.m1107/Sites/localhost/practice/vendor/laravel/framework/src/Illuminate/Support/Collection.php(11): Illuminate\Foundation\Bootstrap\HandleExceptions->handleError(8192, 'Return type of ...', '/Users/r.m1107/...', 1277)
#1 /Users/r.m1107/Sites/localhost/practice/vendor/composer/ClassLoader.php(571): include('/Users/r.m1107/...')
#2 /Users/r.m1107/Sites/localhost/practice/vendor/composer/ClassLoader.php(428): Composer\Autoload\includeFile('/Users/r.m1107/...')
#3 /Users/r.m1107/Sites/localhost/practice/vendor/laravel/framework/src/Illuminate/Support/helpers.php(109): Composer\Autoload\ClassLoader->loadClass('Illuminate\\Supp...')
#4 /Users/r.m1107/Sites/localhost/practice/vendor/laravel/framework/src/Illuminate/Foundation/PackageManifest.php(89): collect(Array)
#5 /Users/r.m1107/Sites/localhost/practice/vendor/laravel/framework/src/Illuminate/Foundation/PackageManifest.php(78): Illuminate\Foundation\PackageManifest->config('aliases')
#6 /Users/r.m1107/Sites/localhost/practice/vendor/laravel/framework/src/Illuminate/Foundation/Bootstrap/RegisterFacades.php(26): Illuminate\Foundation\PackageManifest->aliases()
#7 /Users/r.m1107/Sites/localhost/practice/vendor/laravel/framework/src/Illuminate/Foundation/Application.php(219): Illuminate\Foundation\Bootstrap\RegisterFacades->bootstrap(Object(Illuminate\Foundation\Application))
#8 /Users/r.m1107/Sites/localhost/practice/vendor/laravel/framework/src/Illuminate/Foundation/Http/Kernel.php(156): Illuminate\Foundation\Application->bootstrapWith(Array)
#9 /Users/r.m1107/Sites/localhost/practice/vendor/laravel/framework/src/Illuminate/Foundation/Http/Kernel.php(140): Illuminate\Foundation\Http\Kernel->bootstrap()
#10 /Users/r.m1107/Sites/localhost/practice/vendor/laravel/framework/src/Illuminate/Foundation/Http/Kernel.php(110): Illuminate\Foundation\Http\Kernel->sendRequestThroughRouter(Object(Illuminate\Http\Request))
#11 /Users/r.m1107/Sites/localhost/practice/public/index.php(54): Illuminate\Foundation\Http\Kernel->handle(Object(Illuminate\Http\Request))
#12 {main} in /Users/r.m1107/Sites/localhost/practice/vendor/laravel/framework/src/Illuminate/Support/Collection.php on line 11
[03-Feb-2024 18:22:35 UTC] PHP Deprecated:  Return type of Illuminate\Container\Container::offsetExists($key) should either be compatible with ArrayAccess::offsetExists(mixed $offset): bool, or the #[\ReturnTypeWillChange] attribute should be used to temporarily suppress the notice in /Users/r.m1107/Sites/localhost/practice/vendor/laravel/framework/src/Illuminate/Container/Container.php on line 1231
[03-Feb-2024 18:22:35 UTC] PHP Deprecated:  Return type of Illuminate\Container\Container::offsetGet($key) should either be compatible with ArrayAccess::offsetGet(mixed $offset): mixed, or the #[\ReturnTypeWillChange] attribute should be used to temporarily suppress the notice in /Users/r.m1107/Sites/localhost/practice/vendor/laravel/framework/src/Illuminate/Container/Container.php on line 1242
[03-Feb-2024 18:22:35 UTC] PHP Deprecated:  Return type of Illuminate\Container\Container::offsetSet($key, $value) should either be compatible with ArrayAccess::offsetSet(mixed $offset, mixed $value): void, or the #[\ReturnTypeWillChange] attribute should be used to temporarily suppress the notice in /Users/r.m1107/Sites/localhost/practice/vendor/laravel/framework/src/Illuminate/Container/Container.php on line 1254
[03-Feb-2024 18:22:35 UTC] PHP Deprecated:  Return type of Illuminate\Container\Container::offsetUnset($key) should either be compatible with ArrayAccess::offsetUnset(mixed $offset): void, or the #[\ReturnTypeWillChange] attribute should be used to temporarily suppress the notice in /Users/r.m1107/Sites/localhost/practice/vendor/laravel/framework/src/Illuminate/Container/Container.php on line 1267
[03-Feb-2024 18:22:35 UTC] PHP Deprecated:  Return type of Illuminate\Routing\RouteCollection::count() should either be compatible with Countable::count(): int, or the #[\ReturnTypeWillChange] attribute should be used to temporarily suppress the notice in /Users/r.m1107/Sites/localhost/practice/vendor/laravel/framework/src/Illuminate/Routing/RouteCollection.php on line 355
[03-Feb-2024 18:22:35 UTC] PHP Deprecated:  Return type of Illuminate\Routing\RouteCollection::getIterator() should either be compatible with IteratorAggregate::getIterator(): Traversable, or the #[\ReturnTypeWillChange] attribute should be used to temporarily suppress the notice in /Users/r.m1107/Sites/localhost/practice/vendor/laravel/framework/src/Illuminate/Routing/RouteCollection.php on line 345
[03-Feb-2024 18:22:35 UTC] PHP Deprecated:  Return type of Illuminate\Http\Request::offsetExists($offset) should either be compatible with ArrayAccess::offsetExists(mixed $offset): bool, or the #[\ReturnTypeWillChange] attribute should be used to temporarily suppress the notice in /Users/r.m1107/Sites/localhost/practice/vendor/laravel/framework/src/Illuminate/Http/Request.php on line 641
[03-Feb-2024 18:22:35 UTC] PHP Deprecated:  Return type of Illuminate\Http\Request::offsetGet($offset) should either be compatible with ArrayAccess::offsetGet(mixed $offset): mixed, or the #[\ReturnTypeWillChange] attribute should be used to temporarily suppress the notice in /Users/r.m1107/Sites/localhost/practice/vendor/laravel/framework/src/Illuminate/Http/Request.php on line 655
[03-Feb-2024 18:22:35 UTC] PHP Deprecated:  Return type of Illuminate\Http\Request::offsetSet($offset, $value) should either be compatible with ArrayAccess::offsetSet(mixed $offset, mixed $value): void, or the #[\ReturnTypeWillChange] attribute should be used to temporarily suppress the notice in /Users/r.m1107/Sites/localhost/practice/vendor/laravel/framework/src/Illuminate/Http/Request.php on line 667
[03-Feb-2024 18:22:35 UTC] PHP Deprecated:  Return type of Illuminate\Http\Request::offsetUnset($offset) should either be compatible with ArrayAccess::offsetUnset(mixed $offset): void, or the #[\ReturnTypeWillChange] attribute should be used to temporarily suppress the notice in /Users/r.m1107/Sites/localhost/practice/vendor/laravel/framework/src/Illuminate/Http/Request.php on line 678
[03-Feb-2024 18:22:35 UTC] PHP Deprecated:  Return type of Illuminate\Config\Repository::offsetExists($key) should either be compatible with ArrayAccess::offsetExists(mixed $offset): bool, or the #[\ReturnTypeWillChange] attribute should be used to temporarily suppress the notice in /Users/r.m1107/Sites/localhost/practice/vendor/laravel/framework/src/Illuminate/Config/Repository.php on line 141
[03-Feb-2024 18:22:35 UTC] PHP Deprecated:  Return type of Illuminate\Config\Repository::offsetGet($key) should either be compatible with ArrayAccess::offsetGet(mixed $offset): mixed, or the #[\ReturnTypeWillChange] attribute should be used to temporarily suppress the notice in /Users/r.m1107/Sites/localhost/practice/vendor/laravel/framework/src/Illuminate/Config/Repository.php on line 152
[03-Feb-2024 18:22:35 UTC] PHP Deprecated:  Return type of Illuminate\Config\Repository::offsetSet($key, $value) should either be compatible with ArrayAccess::offsetSet(mixed $offset, mixed $value): void, or the #[\ReturnTypeWillChange] attribute should be used to temporarily suppress the notice in /Users/r.m1107/Sites/localhost/practice/vendor/laravel/framework/src/Illuminate/Config/Repository.php on line 164
[03-Feb-2024 18:22:35 UTC] PHP Deprecated:  Return type of Illuminate\Config\Repository::offsetUnset($key) should either be compatible with ArrayAccess::offsetUnset(mixed $offset): void, or the #[\ReturnTypeWillChange] attribute should be used to temporarily suppress the notice in /Users/r.m1107/Sites/localhost/practice/vendor/laravel/framework/src/Illuminate/Config/Repository.php on line 175
[03-Feb-2024 18:22:35 UTC] PHP Fatal error:  During inheritance of ArrayAccess: Uncaught ErrorException: Return type of Illuminate\Support\Collection::offsetExists($key) should either be compatible with ArrayAccess::offsetExists(mixed $offset): bool, or the #[\ReturnTypeWillChange] attribute should be used to temporarily suppress the notice in /Users/r.m1107/Sites/localhost/practice/vendor/laravel/framework/src/Illuminate/Support/Collection.php:1277
Stack trace:
#0 /Users/r.m1107/Sites/localhost/practice/vendor/laravel/framework/src/Illuminate/Support/Collection.php(11): Illuminate\Foundation\Bootstrap\HandleExceptions->handleError(8192, 'Return type of ...', '/Users/r.m1107/...', 1277)
#1 /Users/r.m1107/Sites/localhost/practice/vendor/composer/ClassLoader.php(571): include('/Users/r.m1107/...')
#2 /Users/r.m1107/Sites/localhost/practice/vendor/composer/ClassLoader.php(428): Composer\Autoload\includeFile('/Users/r.m1107/...')
#3 /Users/r.m1107/Sites/localhost/practice/vendor/laravel/framework/src/Illuminate/Support/helpers.php(109): Composer\Autoload\ClassLoader->loadClass('Illuminate\\Supp...')
#4 /Users/r.m1107/Sites/localhost/practice/vendor/laravel/framework/src/Illuminate/Foundation/PackageManifest.php(89): collect(Array)
#5 /Users/r.m1107/Sites/localhost/practice/vendor/laravel/framework/src/Illuminate/Foundation/PackageManifest.php(78): Illuminate\Foundation\PackageManifest->config('aliases')
#6 /Users/r.m1107/Sites/localhost/practice/vendor/laravel/framework/src/Illuminate/Foundation/Bootstrap/RegisterFacades.php(26): Illuminate\Foundation\PackageManifest->aliases()
#7 /Users/r.m1107/Sites/localhost/practice/vendor/laravel/framework/src/Illuminate/Foundation/Application.php(219): Illuminate\Foundation\Bootstrap\RegisterFacades->bootstrap(Object(Illuminate\Foundation\Application))
#8 /Users/r.m1107/Sites/localhost/practice/vendor/laravel/framework/src/Illuminate/Foundation/Http/Kernel.php(156): Illuminate\Foundation\Application->bootstrapWith(Array)
#9 /Users/r.m1107/Sites/localhost/practice/vendor/laravel/framework/src/Illuminate/Foundation/Http/Kernel.php(140): Illuminate\Foundation\Http\Kernel->bootstrap()
#10 /Users/r.m1107/Sites/localhost/practice/vendor/laravel/framework/src/Illuminate/Foundation/Http/Kernel.php(110): Illuminate\Foundation\Http\Kernel->sendRequestThroughRouter(Object(Illuminate\Http\Request))
#11 /Users/r.m1107/Sites/localhost/practice/public/index.php(54): Illuminate\Foundation\Http\Kernel->handle(Object(Illuminate\Http\Request))
#12 {main} in /Users/r.m1107/Sites/localhost/practice/vendor/laravel/framework/src/Illuminate/Support/Collection.php on line 11
